<?xml version="1.0" encoding="UTF-8"?>
<!-- Generated by org.testng.reporters.JUnitXMLReporter -->
<testsuite hostname="ashutosh-PC" ignored="0" name="Test" tests="5" failures="0" timestamp="25 Aug 2019 07:04:05 GMT" time="84.093" errors="0">
  <testcase name="basePageNavigation" time="20.645" classname="Self.POC1.HomePage"/>
  <testcase name="basePageNavigation" time="11.884" classname="Self.POC1.HomePage"/>
  <testcase name="basePageNavigation" time="9.493" classname="Self.POC1.HomePage"/>
  <testcase name="basePageNavigation" time="0.058" classname="Self.POC1.ValidateNavBar"/>
  <testcase name="basePageNavigation" time="0.041" classname="Self.POC1.ValidateTitle"/>
</testsuite> <!-- Test -->
