<?xml version="1.0" encoding="UTF-8"?>
<!-- Generated by org.testng.reporters.JUnitXMLReporter -->
<testsuite hostname="ashutosh-PC" ignored="0" name="Test" tests="5" failures="0" timestamp="25 Aug 2019 07:19:10 GMT" time="78.924" errors="0">
  <testcase name="basePageNavigation" time="21.823" classname="Self.POC1.HomePage"/>
  <testcase name="basePageNavigation" time="13.08" classname="Self.POC1.HomePage"/>
  <testcase name="basePageNavigation" time="9.369" classname="Self.POC1.HomePage"/>
  <testcase name="basePageNavigation" time="0.037" classname="Self.POC1.ValidateNavBar"/>
  <testcase name="basePageNavigation" time="0.042" classname="Self.POC1.ValidateTitle"/>
</testsuite> <!-- Test -->
