<?xml version="1.0" encoding="UTF-8"?>
<!-- Generated by org.testng.reporters.JUnitXMLReporter -->
<testsuite hostname="TA-DESK-056.local" ignored="0" name="Test" tests="5" failures="0" timestamp="26 Aug 2019 06:44:14 GMT" time="65.843" errors="0">
  <testcase name="basePageNavigation" time="16.753" classname="Self.POC1.HomePage"/>
  <testcase name="basePageNavigation" time="7.634" classname="Self.POC1.HomePage"/>
  <testcase name="basePageNavigation" time="6.305" classname="Self.POC1.HomePage"/>
  <testcase name="basePageNavigation" time="0.063" classname="Self.POC1.ValidateNavBar"/>
  <testcase name="basePageNavigation" time="0.061" classname="Self.POC1.ValidateTitle"/>
</testsuite> <!-- Test -->
