<?xml version="1.0" encoding="UTF-8"?>
<!-- Generated by org.testng.reporters.JUnitXMLReporter -->
<testsuite hostname="TA-DESK-056.local" ignored="0" name="Validating UserLogin" tests="3" failures="0" timestamp="26 Aug 2019 07:10:25 GMT" time="28.072" errors="0">
  <testcase name="basePageNavigation" time="13.885" classname="Self.POC1.HomePage"/>
  <testcase name="basePageNavigation" time="5.506" classname="Self.POC1.HomePage"/>
  <testcase name="basePageNavigation" time="5.959" classname="Self.POC1.HomePage"/>
</testsuite> <!-- Validating UserLogin -->
