<?xml version="1.0" encoding="UTF-8"?>
<!-- Generated by org.testng.reporters.JUnitXMLReporter -->
<testsuite hostname="TA-DESK-056.local" ignored="0" name="Validating UserLogin" tests="3" failures="0" timestamp="26 Aug 2019 12:02:48 GMT" time="25.404" errors="0">
  <testcase name="basePageNavigation" time="10.934" classname="Self.POC1.HomePage"/>
  <testcase name="basePageNavigation" time="5.922" classname="Self.POC1.HomePage"/>
  <testcase name="basePageNavigation" time="7.004" classname="Self.POC1.HomePage"/>
</testsuite> <!-- Validating UserLogin -->
