<?xml version="1.0" encoding="UTF-8"?>
<testng-results skipped="0" failed="0" ignored="0" total="5" passed="5">
  <reporter-output>
  </reporter-output>
  <suite name="Suite" duration-ms="40153" started-at="2019-08-26T12:02:17Z" finished-at="2019-08-26T12:02:57Z">
    <groups>
    </groups>
    <test name="Validating UserLogin" duration-ms="25404" started-at="2019-08-26T12:02:17Z" finished-at="2019-08-26T12:02:43Z">
      <class name="Self.POC1.HomePage">
        <test-method status="PASS" signature="initialize()[pri:0, instance:Self.POC1.HomePage@647e447]" name="initialize" is-config="true" duration-ms="1427" started-at="2019-08-26T12:02:17Z" finished-at="2019-08-26T12:02:19Z">
          <reporter-output>
          </reporter-output>
        </test-method> <!-- initialize -->
        <test-method status="PASS" signature="basePageNavigation(java.lang.String, java.lang.String)[pri:0, instance:Self.POC1.HomePage@647e447]" name="basePageNavigation" duration-ms="10934" started-at="2019-08-26T12:02:19Z" data-provider="getData" finished-at="2019-08-26T12:02:30Z">
          <params>
            <param index="0">
              <value>
                <![CDATA[first@gmail.com]]>
              </value>
            </param>
            <param index="1">
              <value>
                <![CDATA[12345]]>
              </value>
            </param>
          </params>
          <reporter-output>
          </reporter-output>
        </test-method> <!-- basePageNavigation -->
        <test-method status="PASS" signature="basePageNavigation(java.lang.String, java.lang.String)[pri:0, instance:Self.POC1.HomePage@647e447]" name="basePageNavigation" duration-ms="5922" started-at="2019-08-26T12:02:30Z" data-provider="getData" finished-at="2019-08-26T12:02:35Z">
          <params>
            <param index="0">
              <value>
                <![CDATA[second@gmail.com]]>
              </value>
            </param>
            <param index="1">
              <value>
                <![CDATA[78945]]>
              </value>
            </param>
          </params>
          <reporter-output>
          </reporter-output>
        </test-method> <!-- basePageNavigation -->
        <test-method status="PASS" signature="basePageNavigation(java.lang.String, java.lang.String)[pri:0, instance:Self.POC1.HomePage@647e447]" name="basePageNavigation" duration-ms="7004" started-at="2019-08-26T12:02:35Z" data-provider="getData" finished-at="2019-08-26T12:02:42Z">
          <params>
            <param index="0">
              <value>
                <![CDATA[third@gmail.com]]>
              </value>
            </param>
            <param index="1">
              <value>
                <![CDATA[36547]]>
              </value>
            </param>
          </params>
          <reporter-output>
          </reporter-output>
        </test-method> <!-- basePageNavigation -->
        <test-method status="PASS" signature="teardown()[pri:0, instance:Self.POC1.HomePage@647e447]" name="teardown" is-config="true" duration-ms="72" started-at="2019-08-26T12:02:42Z" finished-at="2019-08-26T12:02:43Z">
          <reporter-output>
          </reporter-output>
        </test-method> <!-- teardown -->
      </class> <!-- Self.POC1.HomePage -->
    </test> <!-- Validating UserLogin -->
    <test name="Validating NavigationBar" duration-ms="2384" started-at="2019-08-26T12:02:48Z" finished-at="2019-08-26T12:02:50Z">
      <class name="Self.POC1.ValidateNavBar">
        <test-method status="PASS" signature="initialize()[pri:0, instance:Self.POC1.ValidateNavBar@333291e3]" name="initialize" is-config="true" duration-ms="2225" started-at="2019-08-26T12:02:48Z" finished-at="2019-08-26T12:02:50Z">
          <reporter-output>
          </reporter-output>
        </test-method> <!-- initialize -->
        <test-method status="PASS" signature="basePageNavigation()[pri:0, instance:Self.POC1.ValidateNavBar@333291e3]" name="basePageNavigation" duration-ms="45" started-at="2019-08-26T12:02:50Z" finished-at="2019-08-26T12:02:50Z">
          <reporter-output>
          </reporter-output>
        </test-method> <!-- basePageNavigation -->
        <test-method status="PASS" signature="teardown()[pri:0, instance:Self.POC1.ValidateNavBar@333291e3]" name="teardown" is-config="true" duration-ms="113" started-at="2019-08-26T12:02:50Z" finished-at="2019-08-26T12:02:50Z">
          <reporter-output>
          </reporter-output>
        </test-method> <!-- teardown -->
      </class> <!-- Self.POC1.ValidateNavBar -->
    </test> <!-- Validating NavigationBar -->
    <test name="Validating Title" duration-ms="2334" started-at="2019-08-26T12:02:55Z" finished-at="2019-08-26T12:02:57Z">
      <class name="Self.POC1.ValidateTitle">
        <test-method status="PASS" signature="initialize()[pri:0, instance:Self.POC1.ValidateTitle@59fd97a8]" name="initialize" is-config="true" duration-ms="2169" started-at="2019-08-26T12:02:55Z" finished-at="2019-08-26T12:02:57Z">
          <reporter-output>
          </reporter-output>
        </test-method> <!-- initialize -->
        <test-method status="PASS" signature="basePageNavigation()[pri:0, instance:Self.POC1.ValidateTitle@59fd97a8]" name="basePageNavigation" duration-ms="50" started-at="2019-08-26T12:02:57Z" finished-at="2019-08-26T12:02:57Z">
          <reporter-output>
          </reporter-output>
        </test-method> <!-- basePageNavigation -->
        <test-method status="PASS" signature="teardown()[pri:0, instance:Self.POC1.ValidateTitle@59fd97a8]" name="teardown" is-config="true" duration-ms="113" started-at="2019-08-26T12:02:57Z" finished-at="2019-08-26T12:02:57Z">
          <reporter-output>
          </reporter-output>
        </test-method> <!-- teardown -->
      </class> <!-- Self.POC1.ValidateTitle -->
    </test> <!-- Validating Title -->
  </suite> <!-- Suite -->
</testng-results>
