<?xml version="1.0" encoding="UTF-8"?>
<testng-results skipped="0" failed="0" ignored="0" total="5" passed="5">
  <reporter-output>
  </reporter-output>
  <suite name="Suite" duration-ms="45110" started-at="2019-08-26T07:09:52Z" finished-at="2019-08-26T07:10:37Z">
    <groups>
    </groups>
    <test name="Validating UserLogin" duration-ms="28072" started-at="2019-08-26T07:09:52Z" finished-at="2019-08-26T07:10:20Z">
      <class name="Self.POC1.HomePage">
        <test-method status="PASS" signature="initialize()[pri:0, instance:Self.POC1.HomePage@7ed7259e]" name="initialize" is-config="true" duration-ms="2589" started-at="2019-08-26T07:09:52Z" finished-at="2019-08-26T07:09:54Z">
          <reporter-output>
          </reporter-output>
        </test-method> <!-- initialize -->
        <test-method status="PASS" signature="basePageNavigation(java.lang.String, java.lang.String)[pri:0, instance:Self.POC1.HomePage@7ed7259e]" name="basePageNavigation" duration-ms="13885" started-at="2019-08-26T07:09:54Z" data-provider="getData" finished-at="2019-08-26T07:10:08Z">
          <params>
            <param index="0">
              <value>
                <![CDATA[first@gmail.com]]>
              </value>
            </param>
            <param index="1">
              <value>
                <![CDATA[12345]]>
              </value>
            </param>
          </params>
          <reporter-output>
          </reporter-output>
        </test-method> <!-- basePageNavigation -->
        <test-method status="PASS" signature="basePageNavigation(java.lang.String, java.lang.String)[pri:0, instance:Self.POC1.HomePage@7ed7259e]" name="basePageNavigation" duration-ms="5506" started-at="2019-08-26T07:10:08Z" data-provider="getData" finished-at="2019-08-26T07:10:14Z">
          <params>
            <param index="0">
              <value>
                <![CDATA[second@gmail.com]]>
              </value>
            </param>
            <param index="1">
              <value>
                <![CDATA[78945]]>
              </value>
            </param>
          </params>
          <reporter-output>
          </reporter-output>
        </test-method> <!-- basePageNavigation -->
        <test-method status="PASS" signature="basePageNavigation(java.lang.String, java.lang.String)[pri:0, instance:Self.POC1.HomePage@7ed7259e]" name="basePageNavigation" duration-ms="5959" started-at="2019-08-26T07:10:14Z" data-provider="getData" finished-at="2019-08-26T07:10:20Z">
          <params>
            <param index="0">
              <value>
                <![CDATA[third@gmail.com]]>
              </value>
            </param>
            <param index="1">
              <value>
                <![CDATA[36547]]>
              </value>
            </param>
          </params>
          <reporter-output>
          </reporter-output>
        </test-method> <!-- basePageNavigation -->
        <test-method status="PASS" signature="teardown()[pri:0, instance:Self.POC1.HomePage@7ed7259e]" name="teardown" is-config="true" duration-ms="103" started-at="2019-08-26T07:10:20Z" finished-at="2019-08-26T07:10:20Z">
          <reporter-output>
          </reporter-output>
        </test-method> <!-- teardown -->
      </class> <!-- Self.POC1.HomePage -->
    </test> <!-- Validating UserLogin -->
    <test name="Validating NavigationBar" duration-ms="3331" started-at="2019-08-26T07:10:25Z" finished-at="2019-08-26T07:10:28Z">
      <class name="Self.POC1.ValidateNavBar">
        <test-method status="PASS" signature="initialize()[pri:0, instance:Self.POC1.ValidateNavBar@6973b51b]" name="initialize" is-config="true" duration-ms="3155" started-at="2019-08-26T07:10:25Z" finished-at="2019-08-26T07:10:28Z">
          <reporter-output>
          </reporter-output>
        </test-method> <!-- initialize -->
        <test-method status="PASS" signature="basePageNavigation()[pri:0, instance:Self.POC1.ValidateNavBar@6973b51b]" name="basePageNavigation" duration-ms="60" started-at="2019-08-26T07:10:28Z" finished-at="2019-08-26T07:10:28Z">
          <reporter-output>
          </reporter-output>
        </test-method> <!-- basePageNavigation -->
        <test-method status="PASS" signature="teardown()[pri:0, instance:Self.POC1.ValidateNavBar@6973b51b]" name="teardown" is-config="true" duration-ms="115" started-at="2019-08-26T07:10:28Z" finished-at="2019-08-26T07:10:28Z">
          <reporter-output>
          </reporter-output>
        </test-method> <!-- teardown -->
      </class> <!-- Self.POC1.ValidateNavBar -->
    </test> <!-- Validating NavigationBar -->
    <test name="Validating Title" duration-ms="3669" started-at="2019-08-26T07:10:33Z" finished-at="2019-08-26T07:10:37Z">
      <class name="Self.POC1.ValidateTitle">
        <test-method status="PASS" signature="initialize()[pri:0, instance:Self.POC1.ValidateTitle@6e171cd7]" name="initialize" is-config="true" duration-ms="3494" started-at="2019-08-26T07:10:33Z" finished-at="2019-08-26T07:10:37Z">
          <reporter-output>
          </reporter-output>
        </test-method> <!-- initialize -->
        <test-method status="PASS" signature="basePageNavigation()[pri:0, instance:Self.POC1.ValidateTitle@6e171cd7]" name="basePageNavigation" duration-ms="54" started-at="2019-08-26T07:10:37Z" finished-at="2019-08-26T07:10:37Z">
          <reporter-output>
          </reporter-output>
        </test-method> <!-- basePageNavigation -->
        <test-method status="PASS" signature="teardown()[pri:0, instance:Self.POC1.ValidateTitle@6e171cd7]" name="teardown" is-config="true" duration-ms="119" started-at="2019-08-26T07:10:37Z" finished-at="2019-08-26T07:10:37Z">
          <reporter-output>
          </reporter-output>
        </test-method> <!-- teardown -->
      </class> <!-- Self.POC1.ValidateTitle -->
    </test> <!-- Validating Title -->
  </suite> <!-- Suite -->
</testng-results>
