<?xml version="1.0" encoding="UTF-8"?>
<testng-results skipped="0" failed="0" ignored="0" total="1" passed="1">
  <reporter-output>
  </reporter-output>
  <suite name="Default suite" duration-ms="17171" started-at="2019-08-23T11:32:19Z" finished-at="2019-08-23T11:32:36Z">
    <groups>
    </groups>
    <test name="Default test" duration-ms="17171" started-at="2019-08-23T11:32:19Z" finished-at="2019-08-23T11:32:36Z">
      <class name="Self.POC1.HomePage">
        <test-method status="PASS" signature="basePageNavigation()[pri:0, instance:Self.POC1.HomePage@cc285f4]" name="basePageNavigation" duration-ms="17130" started-at="2019-08-23T11:32:19Z" finished-at="2019-08-23T11:32:36Z">
          <reporter-output>
          </reporter-output>
        </test-method> <!-- basePageNavigation -->
      </class> <!-- Self.POC1.HomePage -->
    </test> <!-- Default test -->
  </suite> <!-- Default suite -->
</testng-results>
