<?xml version="1.0" encoding="UTF-8"?>
<testng-results skipped="0" failed="0" ignored="0" total="5" passed="5">
  <reporter-output>
  </reporter-output>
  <suite name="Suite" duration-ms="84093" started-at="2019-08-25T07:02:41Z" finished-at="2019-08-25T07:04:05Z">
    <groups>
    </groups>
    <test name="Test" duration-ms="84093" started-at="2019-08-25T07:02:41Z" finished-at="2019-08-25T07:04:05Z">
      <class name="Self.POC1.HomePage">
        <test-method status="PASS" signature="initialize()[pri:0, instance:Self.POC1.HomePage@4b9e13df]" name="initialize" is-config="true" duration-ms="3843" started-at="2019-08-25T07:02:41Z" finished-at="2019-08-25T07:02:45Z">
          <reporter-output>
          </reporter-output>
        </test-method> <!-- initialize -->
        <test-method status="PASS" signature="initialize()[pri:0, instance:Self.POC1.ValidateNavBar@2b98378d]" name="initialize" is-config="true" duration-ms="13570" started-at="2019-08-25T07:02:45Z" finished-at="2019-08-25T07:02:59Z">
          <reporter-output>
          </reporter-output>
        </test-method> <!-- initialize -->
        <test-method status="PASS" signature="initialize()[pri:0, instance:Self.POC1.ValidateTitle@475530b9]" name="initialize" is-config="true" duration-ms="19912" started-at="2019-08-25T07:02:59Z" finished-at="2019-08-25T07:03:19Z">
          <reporter-output>
          </reporter-output>
        </test-method> <!-- initialize -->
        <test-method status="PASS" signature="basePageNavigation(java.lang.String, java.lang.String)[pri:0, instance:Self.POC1.HomePage@4b9e13df]" name="basePageNavigation" duration-ms="20645" started-at="2019-08-25T07:03:19Z" data-provider="getData" finished-at="2019-08-25T07:03:39Z">
          <params>
            <param index="0">
              <value>
                <![CDATA[first@gmail.com]]>
              </value>
            </param>
            <param index="1">
              <value>
                <![CDATA[12345]]>
              </value>
            </param>
          </params>
          <reporter-output>
          </reporter-output>
        </test-method> <!-- basePageNavigation -->
        <test-method status="PASS" signature="basePageNavigation(java.lang.String, java.lang.String)[pri:0, instance:Self.POC1.HomePage@4b9e13df]" name="basePageNavigation" duration-ms="11884" started-at="2019-08-25T07:03:39Z" data-provider="getData" finished-at="2019-08-25T07:03:51Z">
          <params>
            <param index="0">
              <value>
                <![CDATA[second@gmail.com]]>
              </value>
            </param>
            <param index="1">
              <value>
                <![CDATA[78945]]>
              </value>
            </param>
          </params>
          <reporter-output>
          </reporter-output>
        </test-method> <!-- basePageNavigation -->
        <test-method status="PASS" signature="basePageNavigation(java.lang.String, java.lang.String)[pri:0, instance:Self.POC1.HomePage@4b9e13df]" name="basePageNavigation" duration-ms="9493" started-at="2019-08-25T07:03:51Z" data-provider="getData" finished-at="2019-08-25T07:04:01Z">
          <params>
            <param index="0">
              <value>
                <![CDATA[third@gmail.com]]>
              </value>
            </param>
            <param index="1">
              <value>
                <![CDATA[36547]]>
              </value>
            </param>
          </params>
          <reporter-output>
          </reporter-output>
        </test-method> <!-- basePageNavigation -->
        <test-method status="PASS" signature="teardown()[pri:0, instance:Self.POC1.HomePage@4b9e13df]" name="teardown" is-config="true" duration-ms="189" started-at="2019-08-25T07:04:01Z" finished-at="2019-08-25T07:04:01Z">
          <reporter-output>
          </reporter-output>
        </test-method> <!-- teardown -->
        <test-method status="PASS" signature="teardown()[pri:0, instance:Self.POC1.ValidateNavBar@2b98378d]" name="teardown" is-config="true" duration-ms="2357" started-at="2019-08-25T07:04:01Z" finished-at="2019-08-25T07:04:03Z">
          <reporter-output>
          </reporter-output>
        </test-method> <!-- teardown -->
        <test-method status="PASS" signature="teardown()[pri:0, instance:Self.POC1.ValidateTitle@475530b9]" name="teardown" is-config="true" duration-ms="2052" started-at="2019-08-25T07:04:03Z" finished-at="2019-08-25T07:04:05Z">
          <reporter-output>
          </reporter-output>
        </test-method> <!-- teardown -->
      </class> <!-- Self.POC1.HomePage -->
      <class name="Self.POC1.ValidateTitle">
        <test-method status="PASS" signature="basePageNavigation()[pri:0, instance:Self.POC1.ValidateTitle@475530b9]" name="basePageNavigation" duration-ms="41" started-at="2019-08-25T07:04:01Z" finished-at="2019-08-25T07:04:01Z">
          <reporter-output>
          </reporter-output>
        </test-method> <!-- basePageNavigation -->
      </class> <!-- Self.POC1.ValidateTitle -->
      <class name="Self.POC1.ValidateNavBar">
        <test-method status="PASS" signature="basePageNavigation()[pri:0, instance:Self.POC1.ValidateNavBar@2b98378d]" name="basePageNavigation" duration-ms="58" started-at="2019-08-25T07:04:01Z" finished-at="2019-08-25T07:04:01Z">
          <reporter-output>
          </reporter-output>
        </test-method> <!-- basePageNavigation -->
      </class> <!-- Self.POC1.ValidateNavBar -->
    </test> <!-- Test -->
  </suite> <!-- Suite -->
</testng-results>
